<?xml version="1.0" encoding="UTF-8"?>
<testsuite name="R4-1/tests" tests="2" failures="1" skipped="0" hostname="DESKTOP-FH6FHVE" time="683.281" timestamp="Thu Dec 27 14:47:10 IST 2018">
	<properties>
		<property name="excludeCallableTestCases" value="true"/>
		<property name="testEnvironment" value=""/>
		<property name="pluginOutputLevel" value="WARNING"/>
		<property name="projectPath" value=".."/>
		<property name="salesforceMetadataCache" value="Reuse"/>
		<property name="resultsPathDisposition" value="Increment"/>
		<property name="testOutputLevel" value="WARNING"/>
		<property name="webBrowserType" value="Google Chrome"/>
		<property name="resultsPath" value="../ANT/Results"/>
		<property name="webBrowserConfiguration" value="Full Screen"/>
		<property name="projectCachePath" value="C:\Users\Incapsulate\git\Jenkins-Provar-test\R4-1\ANT\..\..\.provarCaches"/>
	</properties>
	<testcase classname="tests/Config\C1409_C1410-SameActivityCanBeReUsedOnDifferentSRTypeVersionsOfTheSameSRType.testcase" name="C1409_C1410-SameActivityCanBeReUsedOnDifferentSRTypeVersionsOfTheSameSRType.testcase" time="77.509">
		<failure message="Execution failed"><![CDATA[Failed to get User Info for connection.  Connection Name: SAT_Dev_Admin_311, cause: Failed to retrieve User ID.  Cause: server temporarily unavailable]]></failure>
	</testcase>
	<testcase classname="tests/Config\C1412-SameActivityCanBeReUsedOnDifferentSRTypes.testcase" name="C1412-SameActivityCanBeReUsedOnDifferentSRTypes.testcase" time="593.257">
	</testcase>
</testsuite>
