<?xml version="1.0" encoding="UTF-8"?>
<testsuite name="R4-1/tests" tests="1" failures="1" skipped="0" hostname="DESKTOP-FH6FHVE" time="322.618" timestamp="Thu Jan 24 19:10:19 IST 2019">
	<properties>
		<property name="excludeCallableTestCases" value="true"/>
		<property name="testEnvironment" value=""/>
		<property name="pluginOutputLevel" value="WARNING"/>
		<property name="projectPath" value=".."/>
		<property name="salesforceMetadataCache" value="Reuse"/>
		<property name="resultsPathDisposition" value="Replace"/>
		<property name="testOutputLevel" value="WARNING"/>
		<property name="webBrowserType" value="Google Chrome"/>
		<property name="resultsPath" value="../ANT/Results"/>
		<property name="webBrowserConfiguration" value="Full Screen"/>
		<property name="projectCachePath" value="C:\Users\Incapsulate\Documents\311_Console_220119\311_Console_220119\R4-1\ANT\..\..\.provarCaches"/>
	</properties>
	<testcase classname="tests/ActivityConsole\C1448-CheckIfOutcomeReasonSelectionIsDisplayedOutcomeSelection.testcase" name="C1448-CheckIfOutcomeReasonSelectionIsDisplayedOutcomeSelection.testcase" time="321.407">
		<failure message="Execution failed"><![CDATA[The control was not found.  Locator: By.xpath: //div[contains(@class,'listButtons') or contains(@class,'listHeader')]//input[@name='newCase' or @name='newcase' or (contains(@name,'__newcase') and not(substring-after(@name,'__newcase')))]]]></failure>
	</testcase>
</testsuite>
