<?xml version="1.0" encoding="UTF-8"?>
<testsuite name="R4-1/tests" tests="1" failures="0" skipped="0" hostname="DESKTOP-FH6FHVE" time="235.118" timestamp="Wed Dec 26 18:52:42 IST 2018">
	<properties>
		<property name="excludeCallableTestCases" value="true"/>
		<property name="testEnvironment" value=""/>
		<property name="pluginOutputLevel" value="WARNING"/>
		<property name="projectPath" value=".."/>
		<property name="salesforceMetadataCache" value="Reuse"/>
		<property name="resultsPathDisposition" value="Increment"/>
		<property name="testOutputLevel" value="WARNING"/>
		<property name="webBrowserType" value="Google Chrome"/>
		<property name="resultsPath" value="../ANT/Results"/>
		<property name="webBrowserConfiguration" value="Full Screen"/>
		<property name="projectCachePath" value="C:\Users\Incapsulate\git\Jenkins-Provar-test\R4-1\ANT\..\..\.provarCaches"/>
	</properties>
	<testcase classname="tests/ActivityConsole\C1448-CheckIfOutcomeReasonSelectionIsDisplayedOutcomeSelection.testcase" name="C1448-CheckIfOutcomeReasonSelectionIsDisplayedOutcomeSelection.testcase" time="228.232">
	</testcase>
</testsuite>
