<?xml version="1.0" encoding="UTF-8"?>
<testsuite name="R4-1/tests" tests="14" failures="0" skipped="0" hostname="DESKTOP-FH6FHVE" time="1629.895" timestamp="Thu Dec 27 12:41:07 IST 2018">
	<properties>
		<property name="excludeCallableTestCases" value="true"/>
		<property name="testEnvironment" value=""/>
		<property name="pluginOutputLevel" value="WARNING"/>
		<property name="projectPath" value=".."/>
		<property name="salesforceMetadataCache" value="Reuse"/>
		<property name="resultsPathDisposition" value="Increment"/>
		<property name="testOutputLevel" value="WARNING"/>
		<property name="webBrowserType" value="Google Chrome"/>
		<property name="resultsPath" value="../ANT/Results"/>
		<property name="webBrowserConfiguration" value="Full Screen"/>
		<property name="projectCachePath" value="C:\Users\Incapsulate\git\Jenkins-Provar-test\R4-1\ANT\..\..\.provarCaches"/>
	</properties>
	<testcase classname="tests/AgentConsole\C1417_C1431-SRTypeContactAndAddressCanBeSearchedAndSelected.testcase" name="C1417_C1431-SRTypeContactAndAddressCanBeSearchedAndSelected.testcase" time="130.019">
	</testcase>
	<testcase classname="tests/AgentConsole\C1418_C1421-SRCreationShowsSRDescriptionSection.testcase" name="C1418_C1421-SRCreationShowsSRDescriptionSection.testcase" time="56.464">
	</testcase>
	<testcase classname="tests/AgentConsole\C1420-VerifyThatSRCreationPageHasKnowledgeArticlesSectionHasLinksToArticles.testcase" name="C1420-VerifyThatSRCreationPageHasKnowledgeArticlesSectionHasLinksToArticles.testcase" time="66.744">
	</testcase>
	<testcase classname="tests/AgentConsole\C1425-C1426-VerifyThatSRCreationPageHasOrganisationAndContactSection.testcase" name="C1425-C1426-VerifyThatSRCreationPageHasOrganisationAndContactSection.testcase" time="182.363">
	</testcase>
	<testcase classname="tests/AgentConsole\C1428-SRCreationShowsKnowledgeArticleSection.testcase" name="C1428-SRCreationShowsKnowledgeArticleSection.testcase" time="65.331">
	</testcase>
	<testcase classname="tests/AgentConsole\C1429-VerifyThatSRCreationPageHasKnowledgeArticleCanBeNavigatedTo.testcase" name="C1429-VerifyThatSRCreationPageHasKnowledgeArticleCanBeNavigatedTo.testcase" time="74.793">
	</testcase>
	<testcase classname="tests/AgentConsole\C1430-VerifyThatSRCreationPageHasRequestDetailsHaveFieldsToManage.testcase" name="C1430-VerifyThatSRCreationPageHasRequestDetailsHaveFieldsToManage.testcase" time="105.429">
	</testcase>
	<testcase classname="tests/AgentConsole\C1432-VerifyThatSRCreationPageHasDefaultServiceRequestOriginPopulated.testcase.testcase" name="C1432-VerifyThatSRCreationPageHasDefaultServiceRequestOriginPopulated.testcase.testcase" time="71.532">
	</testcase>
	<testcase classname="tests/AgentConsole\C1433_C1423_C1424_C1438-VerifyThatRequestInformationSectionAndSRDetailsWithQuestionIsDisplayed_ContactCanBeSelected.testcase" name="C1433_C1423_C1424_C1438-VerifyThatRequestInformationSectionAndSRDetailsWithQuestionIsDisplayed_ContactCanBeSelected.testcase" time="85.108">
	</testcase>
	<testcase classname="tests/AgentConsole\C1434-QuestionsAppearAccordingToStartAndStopDates.testcase" name="C1434-QuestionsAppearAccordingToStartAndStopDates.testcase" time="235.803">
	</testcase>
	<testcase classname="tests/AgentConsole\C1435-QuestionsAppearInRightOrder.testcase" name="C1435-QuestionsAppearInRightOrder.testcase" time="60.015">
	</testcase>
	<testcase classname="tests/AgentConsole\C1436-VerifyThatSRCreationPageHasHintsDisplayed.testcase" name="C1436-VerifyThatSRCreationPageHasHintsDisplayed.testcase" time="63.68">
	</testcase>
	<testcase classname="tests/AgentConsole\C1437_C2719-VerifyThatSRCreationPageShowsRequiredFieldValidation.testcase" name="C1437_C2719-VerifyThatSRCreationPageShowsRequiredFieldValidation.testcase" time="67.091">
	</testcase>
	<testcase classname="tests/CaseOwner\c1493-TestQueueCanBeChangedAndOnSRListScreenCaseIsShownWhenFilteredWithQueue.testcase" name="c1493-TestQueueCanBeChangedAndOnSRListScreenCaseIsShownWhenFilteredWithQueue.testcase" time="254.3">
	</testcase>
</testsuite>
